Build started 20.9.2013 8:19:55.
     1>Project "C:\Users\adam\Documents\Visual Studio 2010\c++\dzo\prvniUkol\prvniUkol\prvniUkol\prvniUkol.vcxproj" on node 2 (build target(s)).
     1>InitializeBuildStatus:
         Creating "Debug\prvniUkol.unsuccessfulbuild" because "AlwaysCreate" was specified.
       ClCompile:
         All outputs are up-to-date.
         C:\Program Files (x86)\Microsoft Visual Studio 10.0\VC\bin\CL.exe /c /I"C:\Program Files (x86)\openCV\build\include" /ZI /nologo /W3 /WX- /Od /Oy- /D WIN32 /D _DEBUG /D _CONSOLE /D _UNICODE /D UNICODE /Gm /EHsc /RTC1 /MDd /GS /fp:precise /Zc:wchar_t /Zc:forScope /Yu"StdAfx.h" /Fp"Debug\prvniUkol.pch" /Fo"Debug\\" /Fd"Debug\vc100.pdb" /Gd /TP /analyze- /errorReport:prompt prvniUkol.cpp
         prvniUkol.cpp
       ManifestResourceCompile:
         All outputs are up-to-date.
       Link:
         C:\Program Files (x86)\Microsoft Visual Studio 10.0\VC\bin\link.exe /ERRORREPORT:PROMPT /OUT:"C:\Users\adam\Documents\Visual Studio 2010\c++\dzo\prvniUkol\prvniUkol\Debug\prvniUkol.exe" /INCREMENTAL /NOLOGO /LIBPATH:"C:\Program Files (x86)\openCV\build\x86\vc10\lib" opencv_core246d.lib opencv_highgui246d.lib opencv_imgproc246d.lib kernel32.lib user32.lib gdi32.lib winspool.lib comdlg32.lib advapi32.lib shell32.lib ole32.lib oleaut32.lib uuid.lib odbc32.lib odbccp32.lib /MANIFEST /ManifestFile:"Debug\prvniUkol.exe.intermediate.manifest" /MANIFESTUAC:"level='asInvoker' uiAccess='false'" /DEBUG /PDB:"C:\Users\adam\Documents\Visual Studio 2010\c++\dzo\prvniUkol\prvniUkol\Debug\prvniUkol.pdb" /SUBSYSTEM:CONSOLE /TLBID:1 /DYNAMICBASE /NXCOMPAT /IMPLIB:"C:\Users\adam\Documents\Visual Studio 2010\c++\dzo\prvniUkol\prvniUkol\Debug\prvniUkol.lib" /MACHINE:X86 Debug\prvniUkol.exe.embed.manifest.res
         Debug\prvniUkol.obj
         Debug\stdafx.obj
       Manifest:
         C:\Program Files (x86)\Microsoft SDKs\Windows\v7.0A\bin\mt.exe /nologo /verbose /out:"Debug\prvniUkol.exe.embed.manifest" /manifest Debug\prvniUkol.exe.intermediate.manifest
         
     1>mt.exe : general error c101008a: Failed to save the updated manifest to the file "Debug\prvniUkol.exe.embed.manifest". Parametr nenm spravn}.
         
     1>Done Building Project "C:\Users\adam\Documents\Visual Studio 2010\c++\dzo\prvniUkol\prvniUkol\prvniUkol\prvniUkol.vcxproj" (build target(s)) -- FAILED.

Build FAILED.

Time Elapsed 00:00:06.71
